-5670830929138413263
-7944019973753043266
2440606236609933435
-5652842090066216758
-7355774458396562654
7513556558441565121
-7924284125220600126
159735496891381874
3981187731889950898
2631148015077516588
1955357956671222509
346678803121346280
-8494624335338134636
1015775297384965766
6034181249922509640
4394464173537992067
-4845345577662427424
8174624499095902799
7798461923747395642
-899884213395219519
-2361158116783445847
-5644073238645084585
-5667129879445125960
-1339913911492509541
6513855944559876338
7830550920257227548
-7696565367925951347
110327573889453407
1485334489616767907
8764709874059195392
4749485750072397161
-9119049019966339666
-1122684500175934744
6284488394044076359
9050355740745667296
-360495472625250499
1333609313988293005
-7525670301895638126
-4308486111311178916
432765107004142144
-8968945156209273605
-3198587070506510812
5816169406565967054
1051599834922021067
933762102798455953
7164793096058278063
2697843104168683940
1937310523244898462
-9083467476014611062
8185981582777322055
1818028255494227500
-7560509140529500966
-6920939083393982058
-9019753669015739327
-1478409713387824562
-4766707432498717556
4870110147450928684
-5205177370241158645
-2154480088133955032
-7961847908184311312
-3214587289630539241
-1606885538961057393
1567580557214698374
3381088505341767052
