-6245451807196267653
-6984751096401963130
8888563664855495123
-509350974372422382
3069362467556138860
-5464795995846287738
1060807403728480463
-4581275846975400463
6869588714145833668
1774324291836239002
-485424759246725258
-6551454629992333143
-1373508371685340138
-5297197735061238318
-6046022382918118291
-8993213044453241937
2864228526589161079
-2069785319487205762
-7793733630939678352
-3718513774848299564
-313676819255903469
-8053790215918964289
-3006734900133489138
800740372162563758
-354038507983978939
1605828835753013742
5764968442810659354
8869452502884431305
993714299643284259
-2088779732620634598
-3843672725347006342
8331885980608157071
330967640535249773
-2085935535702198804
-2927903301207083922
4260325918129990843
7023419677437591112
-1216008326348982637
-164394605040569711
3468896190727525223
6995115735522895793
-1036070440225569408
-5217442525149794173
3556934005054008060
-6102481729718192609
-1630891501820800460
-5555718334319511849
7907897704748861905
-1285755618760492618
-5609882881505390152
-164941184081080367
-2255956235098799151
-5047479800992296193
2510611251876902223
-368815838230210652
5830415235034794733
-6456711964539555235
-3834052087890400620
5477249786505085431
2932812966077377658
5434957364518101992
-8881898020638692909
-7571099735286048561
-8127456643864364165
