2001032818066596191
-8830182224867849900
-3765663103128740527
4253342142106241124
1485139946598902279
1879863732300533230
-3083745789219420946
-999076895448457522
9076189561894881692
6190353599406780669
-4907513027435315664
905978798426322759
6111288056050201749
5121134222737701858
685367490293874371
-7069055889443180970
7549903949120554091
2403419657261225689
-4749305477781218989
2344580218167993880
-1017458390938203301
-4916381890880581299
-2729520118807933543
-5308918258456603658
-672234035195846103
8870840516382069573
180112033557801065
4671882610963263191
3244695634475809207
-8330507924583280452
-7868736604388899814
64256093006021018
7447059469254435093
5456963569638874396
169568289923316414
1117383883699144757
-3773273331897287795
5952080268999368290
1159231454065684584
6418506160148071148
-7095707921938395597
-2735086894223583818
6590055288164806145
7082134899113514474
8647256683455667471
8752373857445629274
3200290877753113815
4838299691871038719
-593640694975556452
8050981730517881066
8044934223707652548
1789731100379915012
1972278461823145793
-4734611075669617454
1862314735335593955
5242785002785234537
-5382881101714378718
-2705929233042827702
2670487210590575940
-890579261229382858
750975374364005685
4466902654215214846
8309360763254318809
-2602678918158728423
